c:\users\administrator\documents\visual studio 2012\projects\read_write_file\read_write_file\debug\源.obj
c:\users\administrator\documents\visual studio 2012\projects\read_write_file\read_write_file\debug\vc110.pdb
c:\users\administrator\documents\visual studio 2012\projects\read_write_file\debug\read_write_file.ilk
c:\users\administrator\documents\visual studio 2012\projects\read_write_file\debug\read_write_file.exe
c:\users\administrator\documents\visual studio 2012\projects\read_write_file\debug\read_write_file.pdb
d:\c++_project\read_write_file\read_write_file\debug\源.obj
d:\c++_project\read_write_file\read_write_file\debug\cl.command.1.tlog
d:\c++_project\read_write_file\read_write_file\debug\cl.read.1.tlog
d:\c++_project\read_write_file\read_write_file\debug\cl.write.1.tlog
d:\c++_project\read_write_file\read_write_file\debug\link-cvtres.read.1.tlog
d:\c++_project\read_write_file\read_write_file\debug\link-cvtres.write.1.tlog
d:\c++_project\read_write_file\read_write_file\debug\link-rc.read.1.tlog
d:\c++_project\read_write_file\read_write_file\debug\link-rc.write.1.tlog
d:\c++_project\read_write_file\read_write_file\debug\link.2428-cvtres.read.1.tlog
d:\c++_project\read_write_file\read_write_file\debug\link.2428-cvtres.write.1.tlog
d:\c++_project\read_write_file\read_write_file\debug\link.2428-rc.read.1.tlog
d:\c++_project\read_write_file\read_write_file\debug\link.2428-rc.write.1.tlog
d:\c++_project\read_write_file\read_write_file\debug\link.2428.read.1.tlog
d:\c++_project\read_write_file\read_write_file\debug\link.2428.write.1.tlog
d:\c++_project\read_write_file\read_write_file\debug\link.4000-cvtres.read.1.tlog
d:\c++_project\read_write_file\read_write_file\debug\link.4000-cvtres.write.1.tlog
d:\c++_project\read_write_file\read_write_file\debug\link.4000-rc.read.1.tlog
d:\c++_project\read_write_file\read_write_file\debug\link.4000-rc.write.1.tlog
d:\c++_project\read_write_file\read_write_file\debug\link.4000.read.1.tlog
d:\c++_project\read_write_file\read_write_file\debug\link.4000.write.1.tlog
d:\c++_project\read_write_file\read_write_file\debug\link.4532-cvtres.read.1.tlog
d:\c++_project\read_write_file\read_write_file\debug\link.4532-cvtres.write.1.tlog
d:\c++_project\read_write_file\read_write_file\debug\link.4532-rc.read.1.tlog
d:\c++_project\read_write_file\read_write_file\debug\link.4532-rc.write.1.tlog
d:\c++_project\read_write_file\read_write_file\debug\link.4532.read.1.tlog
d:\c++_project\read_write_file\read_write_file\debug\link.4532.write.1.tlog
d:\c++_project\read_write_file\read_write_file\debug\link.4928-cvtres.read.1.tlog
d:\c++_project\read_write_file\read_write_file\debug\link.4928-cvtres.write.1.tlog
d:\c++_project\read_write_file\read_write_file\debug\link.4928-rc.read.1.tlog
d:\c++_project\read_write_file\read_write_file\debug\link.4928-rc.write.1.tlog
d:\c++_project\read_write_file\read_write_file\debug\link.4928.read.1.tlog
d:\c++_project\read_write_file\read_write_file\debug\link.4928.write.1.tlog
d:\c++_project\read_write_file\read_write_file\debug\link.4948-cvtres.read.1.tlog
d:\c++_project\read_write_file\read_write_file\debug\link.4948-cvtres.write.1.tlog
d:\c++_project\read_write_file\read_write_file\debug\link.4948-rc.read.1.tlog
d:\c++_project\read_write_file\read_write_file\debug\link.4948-rc.write.1.tlog
d:\c++_project\read_write_file\read_write_file\debug\link.4948.read.1.tlog
d:\c++_project\read_write_file\read_write_file\debug\link.4948.write.1.tlog
d:\c++_project\read_write_file\read_write_file\debug\link.5172-cvtres.read.1.tlog
d:\c++_project\read_write_file\read_write_file\debug\link.5172-cvtres.write.1.tlog
d:\c++_project\read_write_file\read_write_file\debug\link.5172-rc.read.1.tlog
d:\c++_project\read_write_file\read_write_file\debug\link.5172-rc.write.1.tlog
d:\c++_project\read_write_file\read_write_file\debug\link.5172.read.1.tlog
d:\c++_project\read_write_file\read_write_file\debug\link.5172.write.1.tlog
d:\c++_project\read_write_file\read_write_file\debug\link.5188-cvtres.read.1.tlog
d:\c++_project\read_write_file\read_write_file\debug\link.5188-cvtres.write.1.tlog
d:\c++_project\read_write_file\read_write_file\debug\link.5188-rc.read.1.tlog
d:\c++_project\read_write_file\read_write_file\debug\link.5188-rc.write.1.tlog
d:\c++_project\read_write_file\read_write_file\debug\link.5188.read.1.tlog
d:\c++_project\read_write_file\read_write_file\debug\link.5188.write.1.tlog
d:\c++_project\read_write_file\read_write_file\debug\link.5276-cvtres.read.1.tlog
d:\c++_project\read_write_file\read_write_file\debug\link.5276-cvtres.write.1.tlog
d:\c++_project\read_write_file\read_write_file\debug\link.5276-rc.read.1.tlog
d:\c++_project\read_write_file\read_write_file\debug\link.5276-rc.write.1.tlog
d:\c++_project\read_write_file\read_write_file\debug\link.5276.read.1.tlog
d:\c++_project\read_write_file\read_write_file\debug\link.5276.write.1.tlog
d:\c++_project\read_write_file\read_write_file\debug\link.5300-cvtres.read.1.tlog
d:\c++_project\read_write_file\read_write_file\debug\link.5300-cvtres.write.1.tlog
d:\c++_project\read_write_file\read_write_file\debug\link.5300-rc.read.1.tlog
d:\c++_project\read_write_file\read_write_file\debug\link.5300-rc.write.1.tlog
d:\c++_project\read_write_file\read_write_file\debug\link.5300.read.1.tlog
d:\c++_project\read_write_file\read_write_file\debug\link.5300.write.1.tlog
d:\c++_project\read_write_file\read_write_file\debug\link.5596-cvtres.read.1.tlog
d:\c++_project\read_write_file\read_write_file\debug\link.5596-cvtres.write.1.tlog
d:\c++_project\read_write_file\read_write_file\debug\link.5596-rc.read.1.tlog
d:\c++_project\read_write_file\read_write_file\debug\link.5596-rc.write.1.tlog
d:\c++_project\read_write_file\read_write_file\debug\link.5596.read.1.tlog
d:\c++_project\read_write_file\read_write_file\debug\link.5596.write.1.tlog
d:\c++_project\read_write_file\read_write_file\debug\link.5660-cvtres.read.1.tlog
d:\c++_project\read_write_file\read_write_file\debug\link.5660-cvtres.write.1.tlog
d:\c++_project\read_write_file\read_write_file\debug\link.5660-rc.read.1.tlog
d:\c++_project\read_write_file\read_write_file\debug\link.5660-rc.write.1.tlog
d:\c++_project\read_write_file\read_write_file\debug\link.5660.read.1.tlog
d:\c++_project\read_write_file\read_write_file\debug\link.5660.write.1.tlog
d:\c++_project\read_write_file\read_write_file\debug\link.5756-cvtres.read.1.tlog
d:\c++_project\read_write_file\read_write_file\debug\link.5756-cvtres.write.1.tlog
d:\c++_project\read_write_file\read_write_file\debug\link.5756-rc.read.1.tlog
d:\c++_project\read_write_file\read_write_file\debug\link.5756-rc.write.1.tlog
d:\c++_project\read_write_file\read_write_file\debug\link.5756.read.1.tlog
d:\c++_project\read_write_file\read_write_file\debug\link.5756.write.1.tlog
d:\c++_project\read_write_file\read_write_file\debug\link.6100-cvtres.read.1.tlog
d:\c++_project\read_write_file\read_write_file\debug\link.6100-cvtres.write.1.tlog
d:\c++_project\read_write_file\read_write_file\debug\link.6100-rc.read.1.tlog
d:\c++_project\read_write_file\read_write_file\debug\link.6100-rc.write.1.tlog
d:\c++_project\read_write_file\read_write_file\debug\link.6100.read.1.tlog
d:\c++_project\read_write_file\read_write_file\debug\link.6100.write.1.tlog
d:\c++_project\read_write_file\read_write_file\debug\link.6128-cvtres.read.1.tlog
d:\c++_project\read_write_file\read_write_file\debug\link.6128-cvtres.write.1.tlog
d:\c++_project\read_write_file\read_write_file\debug\link.6128-rc.read.1.tlog
d:\c++_project\read_write_file\read_write_file\debug\link.6128-rc.write.1.tlog
d:\c++_project\read_write_file\read_write_file\debug\link.6128.read.1.tlog
d:\c++_project\read_write_file\read_write_file\debug\link.6128.write.1.tlog
d:\c++_project\read_write_file\read_write_file\debug\link.6296-cvtres.read.1.tlog
d:\c++_project\read_write_file\read_write_file\debug\link.6296-cvtres.write.1.tlog
d:\c++_project\read_write_file\read_write_file\debug\link.6296-rc.read.1.tlog
d:\c++_project\read_write_file\read_write_file\debug\link.6296-rc.write.1.tlog
d:\c++_project\read_write_file\read_write_file\debug\link.6296.read.1.tlog
d:\c++_project\read_write_file\read_write_file\debug\link.6296.write.1.tlog
d:\c++_project\read_write_file\read_write_file\debug\link.6368-cvtres.read.1.tlog
d:\c++_project\read_write_file\read_write_file\debug\link.6368-cvtres.write.1.tlog
d:\c++_project\read_write_file\read_write_file\debug\link.6368-rc.read.1.tlog
d:\c++_project\read_write_file\read_write_file\debug\link.6368-rc.write.1.tlog
d:\c++_project\read_write_file\read_write_file\debug\link.6368.read.1.tlog
d:\c++_project\read_write_file\read_write_file\debug\link.6368.write.1.tlog
d:\c++_project\read_write_file\read_write_file\debug\link.command.1.tlog
d:\c++_project\read_write_file\read_write_file\debug\link.read.1.tlog
d:\c++_project\read_write_file\read_write_file\debug\link.write.1.tlog
d:\c++_project\read_write_file\read_write_file\debug\vc110.idb
d:\c++_project\read_write_file\read_write_file\debug\vc110.pdb
d:\c++_project\read_write_file\debug\read_write_file.pdb
d:\c++_project\read_write_file\debug\read_write_file.exe
d:\c++_project\read_write_file\debug\read_write_file.ilk
